<?xml version="1.0" encoding="UTF-8"?>
<testsuite xmlns:xsi="http://www.w3.org/2001/XMLSchema-instance" xsi:noNamespaceSchemaLocation="https://maven.apache.org/surefire/maven-surefire-plugin/xsd/surefire-test-report.xsd" version="3.0.2" name="com.example.ezlawbackend.EzlawbackendApplicationTests" time="3.241" tests="1" errors="0" skipped="0" failures="0">
  <properties>
[...]
</properties>
  <testcase name="contextLoads" classname="com.example.ezlawbackend.EzlawbackendApplicationTests" time="0.437">
    <system-out><![CDATA[06:23:03.076 [main] INFO org.springframework.test.context.support.AnnotationConfigContextLoaderUtils -- Could not detect default configuration classes for test class [com.example.ezlawbackend.EzlawbackendApplicationTests]: EzlawbackendApplicationTests does not declare any static, non-private, non-final, nested classes annotated with @Configuration.
06:23:03.146 [main] INFO org.springframework.boot.test.context.SpringBootTestContextBootstrapper -- Found @SpringBootConfiguration com.example.ezlawbackend.EzlawbackendApplication for test class com.example.ezlawbackend.EzlawbackendApplicationTests

  .   ____          _            __ _ _
 /\\ / ___'_ __ _ _(_)_ __  __ _ \ \ \ \
( ( )\___ | '_ | '_| | '_ \/ _` | \ \ \ \
 \\/  ___)| |_)| | | | | || (_| |  ) ) ) )
  '  |____| .__|_| |_|_| |_\__, | / / / /
 =========|_|==============|___/=/_/_/_/

 :: Spring Boot ::                (v3.4.0)

2024-12-10T06:23:03.416+07:00  INFO 3728 --- [ezlawbackend] [           main] c.e.e.EzlawbackendApplicationTests       : Starting EzlawbackendApplicationTests using Java 21.0.5 with PID 3728 (started by sitta in D:\ezlawbackend)
2024-12-10T06:23:03.417+07:00  INFO 3728 --- [ezlawbackend] [           main] c.e.e.EzlawbackendApplicationTests       : No active profile set, falling back to 1 default profile: "default"
2024-12-10T06:23:03.898+07:00  INFO 3728 --- [ezlawbackend] [           main] .s.d.r.c.RepositoryConfigurationDelegate : Multiple Spring Data modules found, entering strict repository configuration mode
2024-12-10T06:23:03.899+07:00  INFO 3728 --- [ezlawbackend] [           main] .s.d.r.c.RepositoryConfigurationDelegate : Bootstrapping Spring Data MongoDB repositories in DEFAULT mode.
2024-12-10T06:23:03.979+07:00  INFO 3728 --- [ezlawbackend] [           main] .s.d.r.c.RepositoryConfigurationDelegate : Finished Spring Data repository scanning in 73 ms. Found 1 MongoDB repository interface.
2024-12-10T06:23:03.990+07:00  INFO 3728 --- [ezlawbackend] [           main] .s.d.r.c.RepositoryConfigurationDelegate : Multiple Spring Data modules found, entering strict repository configuration mode
2024-12-10T06:23:03.990+07:00  INFO 3728 --- [ezlawbackend] [           main] .s.d.r.c.RepositoryConfigurationDelegate : Bootstrapping Spring Data Redis repositories in DEFAULT mode.
2024-12-10T06:23:03.999+07:00  INFO 3728 --- [ezlawbackend] [           main] .RepositoryConfigurationExtensionSupport : Spring Data Redis - Could not safely identify store assignment for repository candidate interface com.example.ezlawbackend.Auth.repository.UserRepository; If you want this repository to be a Redis repository, consider annotating your entities with one of these annotations: org.springframework.data.redis.core.RedisHash (preferred), or consider extending one of the following types with your repository: org.springframework.data.keyvalue.repository.KeyValueRepository
2024-12-10T06:23:03.999+07:00  INFO 3728 --- [ezlawbackend] [           main] .s.d.r.c.RepositoryConfigurationDelegate : Finished Spring Data repository scanning in 4 ms. Found 0 Redis repository interfaces.
2024-12-10T06:23:04.350+07:00  INFO 3728 --- [ezlawbackend] [oxm.mongodb.net] org.mongodb.driver.cluster               : Adding discovered server cluster0-shard-00-01.neoxm.mongodb.net:27017 to client view of cluster
2024-12-10T06:23:04.376+07:00  INFO 3728 --- [ezlawbackend] [           main] org.mongodb.driver.client                : MongoClient with metadata {"application": {"name": "Cluster0"}, "driver": {"name": "mongo-java-driver|sync|spring-boot", "version": "5.2.1"}, "os": {"type": "Windows", "name": "Windows 11", "architecture": "amd64", "version": "10.0"}, "platform": "Java/Eclipse Adoptium/21.0.5+11-LTS"} created with settings MongoClientSettings{readPreference=primary, writeConcern=WriteConcern{w=majority, wTimeout=null ms, journal=null}, retryWrites=true, retryReads=true, readConcern=ReadConcern{level=null}, credential=MongoCredential{mechanism=null, userName='sittankunanit2008', source='admin', password=<hidden>, mechanismProperties=<hidden>}, transportSettings=null, commandListeners=[], codecRegistry=ProvidersCodecRegistry{codecProviders=[ValueCodecProvider{}, BsonValueCodecProvider{}, DBRefCodecProvider{}, DBObjectCodecProvider{}, DocumentCodecProvider{}, CollectionCodecProvider{}, IterableCodecProvider{}, MapCodecProvider{}, GeoJsonCodecProvider{}, GridFSFileCodecProvider{}, Jsr310CodecProvider{}, JsonObjectCodecProvider{}, BsonCodecProvider{}, EnumCodecProvider{}, com.mongodb.client.model.mql.ExpressionCodecProvider@6ffd4c0d, com.mongodb.Jep395RecordCodecProvider@74c9e11, com.mongodb.KotlinCodecProvider@9fe720a]}, loggerSettings=LoggerSettings{maxDocumentLength=1000}, clusterSettings={hosts=[127.0.0.1:27017], srvHost=cluster0.neoxm.mongodb.net, srvServiceName=mongodb, mode=MULTIPLE, requiredClusterType=REPLICA_SET, requiredReplicaSetName='atlas-d7v8m0-shard-0', serverSelector='null', clusterListeners='[]', serverSelectionTimeout='30000 ms', localThreshold='15 ms'}, socketSettings=SocketSettings{connectTimeoutMS=10000, readTimeoutMS=0, receiveBufferSize=0, proxySettings=ProxySettings{host=null, port=null, username=null, password=null}}, heartbeatSocketSettings=SocketSettings{connectTimeoutMS=10000, readTimeoutMS=10000, receiveBufferSize=0, proxySettings=ProxySettings{host=null, port=null, username=null, password=null}}, connectionPoolSettings=ConnectionPoolSettings{maxSize=100, minSize=0, maxWaitTimeMS=120000, maxConnectionLifeTimeMS=0, maxConnectionIdleTimeMS=0, maintenanceInitialDelayMS=0, maintenanceFrequencyMS=60000, connectionPoolListeners=[], maxConnecting=2}, serverSettings=ServerSettings{heartbeatFrequencyMS=10000, minHeartbeatFrequencyMS=500, serverMonitoringMode=AUTO, serverListeners='[]', serverMonitorListeners='[]'}, sslSettings=SslSettings{enabled=true, invalidHostNameAllowed=false, context=null}, applicationName='Cluster0', compressorList=[], uuidRepresentation=JAVA_LEGACY, serverApi=null, autoEncryptionSettings=null, dnsClient=null, inetAddressResolver=null, contextProvider=null, timeoutMS=null}
2024-12-10T06:23:04.380+07:00  INFO 3728 --- [ezlawbackend] [oxm.mongodb.net] org.mongodb.driver.cluster               : Adding discovered server cluster0-shard-00-00.neoxm.mongodb.net:27017 to client view of cluster
2024-12-10T06:23:04.382+07:00  INFO 3728 --- [ezlawbackend] [oxm.mongodb.net] org.mongodb.driver.cluster               : Adding discovered server cluster0-shard-00-02.neoxm.mongodb.net:27017 to client view of cluster
2024-12-10T06:23:04.875+07:00  INFO 3728 --- [ezlawbackend] [ngodb.net:27017] org.mongodb.driver.cluster               : Monitor thread successfully connected to server with description ServerDescription{address=cluster0-shard-00-00.neoxm.mongodb.net:27017, type=REPLICA_SET_SECONDARY, cryptd=false, state=CONNECTED, ok=true, minWireVersion=0, maxWireVersion=25, maxDocumentSize=16777216, logicalSessionTimeoutMinutes=30, roundTripTimeNanos=292820500, minRoundTripTimeNanos=0, setName='atlas-d7v8m0-shard-0', canonicalAddress=cluster0-shard-00-00.neoxm.mongodb.net:27017, hosts=[cluster0-shard-00-02.neoxm.mongodb.net:27017, cluster0-shard-00-00.neoxm.mongodb.net:27017, cluster0-shard-00-01.neoxm.mongodb.net:27017], passives=[], arbiters=[], primary='cluster0-shard-00-01.neoxm.mongodb.net:27017', tagSet=TagSet{[Tag{name='availabilityZone', value='apse1-az2'}, Tag{name='diskState', value='READY'}, Tag{name='nodeType', value='ELECTABLE'}, Tag{name='provider', value='AWS'}, Tag{name='region', value='AP_SOUTHEAST_1'}, Tag{name='workloadType', value='OPERATIONAL'}]}, electionId=null, setVersion=29, topologyVersion=TopologyVersion{processId=6740f5142f0c8e2913b9f11c, counter=4}, lastWriteDate=Tue Dec 10 06:23:06 ICT 2024, lastUpdateTimeNanos=123702229221300}
2024-12-10T06:23:04.875+07:00  INFO 3728 --- [ezlawbackend] [ngodb.net:27017] org.mongodb.driver.cluster               : Monitor thread successfully connected to server with description ServerDescription{address=cluster0-shard-00-01.neoxm.mongodb.net:27017, type=REPLICA_SET_PRIMARY, cryptd=false, state=CONNECTED, ok=true, minWireVersion=0, maxWireVersion=25, maxDocumentSize=16777216, logicalSessionTimeoutMinutes=30, roundTripTimeNanos=291562300, minRoundTripTimeNanos=0, setName='atlas-d7v8m0-shard-0', canonicalAddress=cluster0-shard-00-01.neoxm.mongodb.net:27017, hosts=[cluster0-shard-00-02.neoxm.mongodb.net:27017, cluster0-shard-00-00.neoxm.mongodb.net:27017, cluster0-shard-00-01.neoxm.mongodb.net:27017], passives=[], arbiters=[], primary='cluster0-shard-00-01.neoxm.mongodb.net:27017', tagSet=TagSet{[Tag{name='availabilityZone', value='apse1-az1'}, Tag{name='diskState', value='READY'}, Tag{name='nodeType', value='ELECTABLE'}, Tag{name='provider', value='AWS'}, Tag{name='region', value='AP_SOUTHEAST_1'}, Tag{name='workloadType', value='OPERATIONAL'}]}, electionId=7fffffff0000000000000030, setVersion=29, topologyVersion=TopologyVersion{processId=6740f755ad34fe5a9bda0a32, counter=6}, lastWriteDate=Tue Dec 10 06:23:06 ICT 2024, lastUpdateTimeNanos=123702229204700}
2024-12-10T06:23:04.875+07:00  INFO 3728 --- [ezlawbackend] [ngodb.net:27017] org.mongodb.driver.cluster               : Monitor thread successfully connected to server with description ServerDescription{address=cluster0-shard-00-02.neoxm.mongodb.net:27017, type=REPLICA_SET_SECONDARY, cryptd=false, state=CONNECTED, ok=true, minWireVersion=0, maxWireVersion=25, maxDocumentSize=16777216, logicalSessionTimeoutMinutes=30, roundTripTimeNanos=292800300, minRoundTripTimeNanos=0, setName='atlas-d7v8m0-shard-0', canonicalAddress=cluster0-shard-00-02.neoxm.mongodb.net:27017, hosts=[cluster0-shard-00-02.neoxm.mongodb.net:27017, cluster0-shard-00-00.neoxm.mongodb.net:27017, cluster0-shard-00-01.neoxm.mongodb.net:27017], passives=[], arbiters=[], primary='cluster0-shard-00-01.neoxm.mongodb.net:27017', tagSet=TagSet{[Tag{name='availabilityZone', value='apse1-az3'}, Tag{name='diskState', value='READY'}, Tag{name='nodeType', value='ELECTABLE'}, Tag{name='provider', value='AWS'}, Tag{name='region', value='AP_SOUTHEAST_1'}, Tag{name='workloadType', value='OPERATIONAL'}]}, electionId=null, setVersion=29, topologyVersion=TopologyVersion{processId=6740fa7c489d4d24304a6346, counter=3}, lastWriteDate=Tue Dec 10 06:23:06 ICT 2024, lastUpdateTimeNanos=123702229204100}
2024-12-10T06:23:04.878+07:00  INFO 3728 --- [ezlawbackend] [ngodb.net:27017] org.mongodb.driver.cluster               : Discovered replica set primary cluster0-shard-00-01.neoxm.mongodb.net:27017 with max election id 7fffffff0000000000000030 and max set version 29
2024-12-10T06:23:04.902+07:00  WARN 3728 --- [ezlawbackend] [           main] .s.s.UserDetailsServiceAutoConfiguration : 

Using generated security password: 81656783-0434-458e-a7af-4129b0f84552

This generated password is for development use only. Your security configuration must be updated before running your application in production.

2024-12-10T06:23:04.915+07:00  INFO 3728 --- [ezlawbackend] [           main] r$InitializeUserDetailsManagerConfigurer : Global AuthenticationManager configured with UserDetailsService bean with name inMemoryUserDetailsManager
2024-12-10T06:23:05.758+07:00  INFO 3728 --- [ezlawbackend] [           main] c.e.e.EzlawbackendApplicationTests       : Started EzlawbackendApplicationTests in 2.527 seconds (process running for 3.147)
]]></system-out>
    <system-err><![CDATA[Mockito is currently self-attaching to enable the inline-mock-maker. This will no longer work in future releases of the JDK. Please add Mockito as an agent to your build what is described in Mockito's documentation: https://javadoc.io/doc/org.mockito/mockito-core/latest/org/mockito/Mockito.html#0.3
WARNING: A Java agent has been loaded dynamically (C:\Users\sitta\.m2\repository\net\bytebuddy\byte-buddy-agent\1.15.10\byte-buddy-agent-1.15.10.jar)
WARNING: If a serviceability tool is in use, please run with -XX:+EnableDynamicAgentLoading to hide this warning
WARNING: If a serviceability tool is not in use, please run with -Djdk.instrument.traceUsage for more information
WARNING: Dynamic loading of agents will be disallowed by default in a future release
]]></system-err>
  </testcase>
</testsuite>